<?xml version="1.0" encoding="UTF-8"?>
<!-- Generated by org.testng.reporters.JUnitXMLReporter -->
<testsuite ignored="1" hostname="DESKTOP-4F545DN" failures="0" tests="1" name="VerifyGoogleSearch" time="15.808" errors="0" timestamp="2022-04-29T11:28:07 IST">
  <testcase classname="testNG.SecondTestCase" name="testGoogle" time="15.801"/>
  <testcase classname="testNG.SecondTestCase" name="testFacebook" time="0.0">
    <ignored/>
  </testcase> <!-- testFacebook -->
</testsuite> <!-- VerifyGoogleSearch -->
