<?xml version="1.0" encoding="UTF-8"?>
<!-- Generated by org.testng.reporters.JUnitXMLReporter -->
<testsuite ignored="2" hostname="DESKTOP-4F545DN" failures="0" tests="3" name="LoginTestWithParameters_Chrome" time="16.542" errors="0" timestamp="2022-05-02T10:32:07 IST">
  <testcase classname="testNG.Parameters_RealTimeExample_6_1" name="LaunchApp" time="2.997"/>
  <testcase classname="testNG.Parameters_RealTimeExample_6_1" name="Login" time="6.182"/>
  <testcase classname="testNG.Parameters_RealTimeExample_6_1" name="verifyMyLogin" time="0.101"/>
  <testcase classname="testNG.Parameters_RealTimeExample_6_1" name="nevigateToMyInfo" time="0.0">
    <ignored/>
  </testcase> <!-- nevigateToMyInfo -->
  <testcase classname="testNG.Parameters_RealTimeExample_6_1" name="verifyMyInfo" time="0.0">
    <ignored/>
  </testcase> <!-- verifyMyInfo -->
</testsuite> <!-- LoginTestWithParameters_Chrome -->
