<?xml version="1.0" encoding="UTF-8"?>
<!-- Generated by org.testng.reporters.JUnitXMLReporter -->
<testsuite ignored="2" hostname="DESKTOP-4F545DN" failures="0" tests="3" name="LoginTestWithParameters" time="14.606" errors="0" timestamp="2022-05-02T10:08:34 IST">
  <testcase classname="testNG.Parameters_RealTimeExample_6_1" name="LaunchApp" time="4.883"/>
  <testcase classname="testNG.Parameters_RealTimeExample_6_1" name="Login" time="3.055"/>
  <testcase classname="testNG.Parameters_RealTimeExample_6_1" name="verifyMyLogin" time="0.104"/>
  <testcase classname="testNG.Parameters_RealTimeExample_6_1" name="nevigateToMyInfo" time="0.0">
    <ignored/>
  </testcase> <!-- nevigateToMyInfo -->
  <testcase classname="testNG.Parameters_RealTimeExample_6_1" name="verifyMyInfo" time="0.0">
    <ignored/>
  </testcase> <!-- verifyMyInfo -->
</testsuite> <!-- LoginTestWithParameters -->
