<?xml version="1.0" encoding="UTF-8"?>
<!-- Generated by org.testng.reporters.JUnitXMLReporter -->
<testsuite ignored="2" hostname="DESKTOP-4F545DN" failures="0" tests="3" name="LoginTestWithParameters_Firefox" time="13.705" errors="0" timestamp="2022-05-02T10:32:21 IST">
  <testcase classname="testNG.Parameters_RealTimeExample_6_1" name="LaunchApp" time="3.35"/>
  <testcase classname="testNG.Parameters_RealTimeExample_6_1" name="Login" time="5.244"/>
  <testcase classname="testNG.Parameters_RealTimeExample_6_1" name="verifyMyLogin" time="0.049"/>
  <testcase classname="testNG.Parameters_RealTimeExample_6_1" name="nevigateToMyInfo" time="0.0">
    <ignored/>
  </testcase> <!-- nevigateToMyInfo -->
  <testcase classname="testNG.Parameters_RealTimeExample_6_1" name="verifyMyInfo" time="0.0">
    <ignored/>
  </testcase> <!-- verifyMyInfo -->
</testsuite> <!-- LoginTestWithParameters_Firefox -->
