<?xml version="1.0" encoding="UTF-8"?>
<!-- Generated by org.testng.reporters.JUnitXMLReporter -->
<testsuite ignored="2" hostname="DESKTOP-4F545DN" failures="0" tests="1" name="Test Google" time="8.023" errors="0" timestamp="2022-05-14T20:22:39 IST">
  <testcase classname="Extentreport.A_FailedTestClass_1_1" name="testGoogleSearch" time="3.94"/>
  <testcase classname="Extentreport.A_FailedTestClass_1_1" name="testOrangeHRMLogin" time="0.0">
    <ignored/>
  </testcase> <!-- testOrangeHRMLogin -->
  <testcase classname="Extentreport.A_FailedTestClass_1_1" name="testFacebookLogin" time="0.0">
    <ignored/>
  </testcase> <!-- testFacebookLogin -->
</testsuite> <!-- Test Google -->
