<?xml version="1.0" encoding="UTF-8"?>
<!-- Generated by org.testng.reporters.JUnitXMLReporter -->
<testsuite ignored="2" hostname="DESKTOP-4F545DN" failures="0" tests="1" name="Test Facebook" time="7.74" errors="0" timestamp="2022-05-14T20:22:47 IST">
  <testcase classname="Extentreport.A_FailedTestClass_1_1" name="testFacebookLogin" time="1.598"/>
  <testcase classname="Extentreport.A_FailedTestClass_1_1" name="testOrangeHRMLogin" time="0.0">
    <ignored/>
  </testcase> <!-- testOrangeHRMLogin -->
  <testcase classname="Extentreport.A_FailedTestClass_1_1" name="testGoogleSearch" time="0.0">
    <ignored/>
  </testcase> <!-- testGoogleSearch -->
</testsuite> <!-- Test Facebook -->
