<?xml version="1.0" encoding="UTF-8"?>
<!-- Generated by org.testng.reporters.JUnitXMLReporter -->
<testsuite ignored="3" hostname="DESKTOP-4F545DN" failures="0" tests="1" name="Test1" time="8.726" errors="0" timestamp="2022-05-08T12:53:59 IST">
  <testcase classname="testNG.FailedTestClass_16_1" name="testGoogleSearch" time="4.154"/>
  <testcase classname="testNG.WebDriverSetupForTestClass_16_2" name="captureScreenshot" time="0.0">
    <ignored/>
  </testcase> <!-- captureScreenshot -->
  <testcase classname="testNG.FailedTestClass_16_1" name="testOrangeHRMLogin" time="0.0">
    <ignored/>
  </testcase> <!-- testOrangeHRMLogin -->
  <testcase classname="testNG.FailedTestClass_16_1" name="testFacebookLogin" time="0.0">
    <ignored/>
  </testcase> <!-- testFacebookLogin -->
</testsuite> <!-- Test1 -->
