<?xml version="1.0" encoding="UTF-8"?>
<!-- Generated by org.testng.reporters.JUnitXMLReporter -->
<testsuite ignored="3" hostname="DESKTOP-4F545DN" failures="0" tests="0" time="0.008" errors="0" timestamp="2022-05-02T18:38:22 IST">
  <testcase classname="testNG.IgnoreNewTest_8_1" name="test1" time="0.0">
    <ignored/>
  </testcase> <!-- test1 -->
  <testcase classname="testNG.IgnoreNewTest_8_1" name="test2" time="0.0">
    <ignored/>
  </testcase> <!-- test2 -->
  <testcase classname="testNG.IgnoreNewTest_8_1" name="test3" time="0.0">
    <ignored/>
  </testcase> <!-- test3 -->
</testsuite>
