<?xml version="1.0" encoding="UTF-8"?>
<!-- Generated by org.testng.reporters.JUnitXMLReporter -->
<testsuite ignored="2" hostname="DESKTOP-4F545DN" failures="0" tests="3" name="AnnotationTestLogin" time="18.074" errors="0" timestamp="2022-05-01T21:49:52 IST">
  <testcase classname="testNG.Annatation_RealTimeExample_5_3" name="LaunchApp" time="7.142"/>
  <testcase classname="testNG.Annatation_RealTimeExample_5_3" name="Login" time="7.44"/>
  <testcase classname="testNG.Annatation_RealTimeExample_5_3" name="verifyMyLogin" time="0.047"/>
  <testcase classname="testNG.Annatation_RealTimeExample_5_3" name="nevigateToOrderHistoryAndDetails" time="0.0">
    <ignored/>
  </testcase> <!-- nevigateToOrderHistoryAndDetails -->
  <testcase classname="testNG.Annatation_RealTimeExample_5_3" name="verifyMyInfo" time="0.0">
    <ignored/>
  </testcase> <!-- verifyMyInfo -->
</testsuite> <!-- AnnotationTestLogin -->
