<?xml version="1.0" encoding="UTF-8"?>
<!-- Generated by org.testng.reporters.JUnitXMLReporter -->
<testsuite ignored="1" hostname="DESKTOP-4F545DN" failures="0" tests="4" name="CheckOrderHistory" time="15.987" errors="0" timestamp="2022-05-01T21:53:06 IST">
  <testcase classname="testNG.Annatation_RealTimeExample_5_3" name="LaunchApp" time="7.122"/>
  <testcase classname="testNG.Annatation_RealTimeExample_5_3" name="Login" time="5.094"/>
  <testcase classname="testNG.Annatation_RealTimeExample_5_3" name="nevigateToOrderHistoryAndDetails" time="1.374"/>
  <testcase classname="testNG.Annatation_RealTimeExample_5_3" name="verifyOrderHistory" time="0.047"/>
  <testcase classname="testNG.Annatation_RealTimeExample_5_3" name="verifyMyLogin" time="0.0">
    <ignored/>
  </testcase> <!-- verifyMyLogin -->
</testsuite> <!-- CheckOrderHistory -->
