<?xml version="1.0" encoding="UTF-8"?>
<!-- Generated by org.testng.reporters.JUnitXMLReporter -->
<testsuite ignored="2" hostname="DESKTOP-4F545DN" failures="0" tests="3" name="verifyLogin" time="19.281" errors="0" timestamp="2022-05-01T21:52:50 IST">
  <testcase classname="testNG.Annatation_RealTimeExample_5_3" name="LaunchApp" time="7.19"/>
  <testcase classname="testNG.Annatation_RealTimeExample_5_3" name="Login" time="7.603"/>
  <testcase classname="testNG.Annatation_RealTimeExample_5_3" name="verifyMyLogin" time="0.043"/>
  <testcase classname="testNG.Annatation_RealTimeExample_5_3" name="verifyOrderHistory" time="0.0">
    <ignored/>
  </testcase> <!-- verifyOrderHistory -->
  <testcase classname="testNG.Annatation_RealTimeExample_5_3" name="nevigateToOrderHistoryAndDetails" time="0.0">
    <ignored/>
  </testcase> <!-- nevigateToOrderHistoryAndDetails -->
</testsuite> <!-- verifyLogin -->
