<?xml version="1.0" encoding="UTF-8"?>
<!-- Generated by org.testng.reporters.JUnitXMLReporter -->
<testsuite ignored="1" hostname="DESKTOP-4F545DN" failures="0" tests="4" name="AccountVerification" time="60.193" errors="0" timestamp="2022-05-02T18:41:13 IST">
  <testcase classname="testNG.OptionalParameters_RealTimeExample_6_2" name="LaunchApp" time="29.471"/>
  <testcase classname="testNG.OptionalParameters_RealTimeExample_6_2" name="Login" time="15.582"/>
  <testcase classname="testNG.OptionalParameters_RealTimeExample_6_2" name="nevigateToMyInfo" time="2.764"/>
  <testcase classname="testNG.OptionalParameters_RealTimeExample_6_2" name="verifyMyInfo" time="0.438"/>
  <testcase classname="testNG.OptionalParameters_RealTimeExample_6_2" name="verifyMyLogin" time="0.0">
    <ignored/>
  </testcase> <!-- verifyMyLogin -->
</testsuite> <!-- AccountVerification -->
