<?xml version="1.0" encoding="UTF-8"?>
<!-- Generated by org.testng.reporters.JUnitXMLReporter -->
<testsuite ignored="2" hostname="DESKTOP-4F545DN" failures="0" tests="3" name="LoginVerification" time="24.604" errors="0" timestamp="2022-05-02T18:40:12 IST">
  <testcase classname="testNG.OptionalParameters_RealTimeExample_6_2" name="LaunchApp" time="7.432"/>
  <testcase classname="testNG.OptionalParameters_RealTimeExample_6_2" name="Login" time="10.731"/>
  <testcase classname="testNG.OptionalParameters_RealTimeExample_6_2" name="verifyMyLogin" time="0.132"/>
  <testcase classname="testNG.OptionalParameters_RealTimeExample_6_2" name="verifyMyInfo" time="0.0">
    <ignored/>
  </testcase> <!-- verifyMyInfo -->
  <testcase classname="testNG.OptionalParameters_RealTimeExample_6_2" name="nevigateToMyInfo" time="0.0">
    <ignored/>
  </testcase> <!-- nevigateToMyInfo -->
</testsuite> <!-- LoginVerification -->
