<?xml version="1.0" encoding="UTF-8"?>
<testng-results ignored="0" total="1" passed="1" failed="0" skipped="0">
  <reporter-output>
  </reporter-output>
  <suite started-at="2022-05-16T19:11:45 IST" name="Default suite" finished-at="2022-05-16T19:12:04 IST" duration-ms="19004">
    <groups>
    </groups>
    <test started-at="2022-05-16T19:11:45 IST" name="Default test" finished-at="2022-05-16T19:12:04 IST" duration-ms="19004">
      <class name="pageobjectmodel.RegisterOperationalPage">
        <test-method signature="verifyFlightReg()[pri:0, instance:pageobjectmodel.RegisterOperationalPage@4e3958e7]" started-at="2022-05-16T19:11:45 IST" name="verifyFlightReg" finished-at="2022-05-16T19:12:04 IST" duration-ms="18934" status="PASS">
          <reporter-output>
          </reporter-output>
        </test-method> <!-- verifyFlightReg -->
      </class> <!-- pageobjectmodel.RegisterOperationalPage -->
    </test> <!-- Default test -->
  </suite> <!-- Default suite -->
</testng-results>
