<?xml version="1.0" encoding="UTF-8"?>
<!-- Generated by org.testng.reporters.JUnitXMLReporter -->
<testsuite ignored="0" hostname="DESKTOP-4F545DN" failures="0" tests="3" name="GroupsDiffTesting" time="0.078" errors="0" timestamp="2022-05-02T22:22:42 IST">
  <testcase classname="testNG.GroupingTest1" name="test1" time="0.012"/>
  <testcase classname="testNG.GroupingTest1" name="test2" time="0.001"/>
  <testcase classname="testNG.GroupingTest1" name="test3" time="0.006"/>
</testsuite> <!-- GroupsDiffTesting -->
