<?xml version="1.0" encoding="UTF-8"?>
<!-- Generated by org.testng.reporters.JUnitXMLReporter -->
<testsuite ignored="3" hostname="DESKTOP-4F545DN" failures="0" tests="1" name="test2" time="0.008" errors="0" timestamp="2022-05-02T22:50:17 IST">
  <testcase classname="testNG.GroupingTest2" name="test6" time="0.002"/>
  <testcase classname="testNG.GroupingTest2" name="test4" time="0.0">
    <ignored/>
  </testcase> <!-- test4 -->
  <testcase classname="testNG.GroupingTest2" name="test5" time="0.0">
    <ignored/>
  </testcase> <!-- test5 -->
  <testcase classname="testNG.GroupingTest2" name="test7" time="0.0">
    <ignored/>
  </testcase> <!-- test7 -->
</testsuite> <!-- test2 -->
