<?xml version="1.0" encoding="UTF-8"?>
<!-- Generated by org.testng.reporters.JUnitXMLReporter -->
<testsuite ignored="1" hostname="DESKTOP-4F545DN" failures="0" tests="2" name="test1" time="0.069" errors="0" timestamp="2022-05-02T22:50:17 IST">
  <testcase classname="testNG.GroupingTest1" name="test1" time="0.013"/>
  <testcase classname="testNG.GroupingTest1" name="test2" time="0.001"/>
  <testcase classname="testNG.GroupingTest1" name="test3" time="0.0">
    <ignored/>
  </testcase> <!-- test3 -->
</testsuite> <!-- test1 -->
